4.0 -1.0 -1.0
4.0 -0.9923780204465988 -0.8027596121967233
4.0 -0.9705650587155669 -0.6212741107294284
4.0 -0.9361016771121461 -0.4554812506564897
4.0 -0.8904765671568888 -0.30527729040853
4.0 -0.8351265495856605 -0.1705169917884226
4.0 -0.7714365743496375 -0.0510136199712895
4.0 -0.7007397206153084 0.0534610564954974
4.0 -0.6243171967644735 0.14317676569231713
4.0 -0.5433983403942437 0.21844473232729955
4.0 -0.45916061831704386 0.27961767773632434
4.0 -0.37272962656060826 0.32708981988302277
4.0 -0.28517909036798417 0.3612968733587759
4.0 -0.1975308641975311 0.38271604938271614
4.0 -0.11075493172291825 0.3918660558017256
4.0 -0.025769405833129116 0.3893070970904381
4.0 0.05655947136754297 0.37564087435123694
4.0 0.1354173285594921 0.35151058531425694
4.0 0.21004166520780093 0.3176009243373831
4.0 0.27972185156223994 0.27463808240625104
4.0 0.34379912865726847 0.22338974713424728
4.0 0.4016666083120338 0.16466510276250837
4.0 0.45276927313037163 0.09931483015992196
4.0 0.4966039765008055 0.028231106823126212
4.0 0.5327194425965478 -0.04765239312349018
4.0 0.5607162663754987 -0.1273604989277878
4.0 0.5802469135802468 -0.2098765432098764
4.0 0.5910157207380694 -0.294142361962116
4.0 0.5927788951609313 -0.3790582945491154
4.0 0.585344514945486 -0.46348318370773245
4.0 0.5685725289730752 -0.5462343755470748
4.0 0.5423747569097289 -0.6260877195484992
4.0 0.5067148892061653 -0.7017775685656128
4.0 0.4616084870977907 -0.7719967788242708
4.0 0.40712298260470003 -0.8353967099225785
4.0 0.34337767853167633 -0.8905872248308905
4.0 0.27054374846819074 -0.9361366898918105
4.0 0.18884423678840323 -0.9705719748201921
4.0 0.09855405865116082 -0.992378452703138
4.0 0.0 -1.0

3.7894736842105274 -1.0 -1.0
3.7894736842105274 -0.9923780204465993 -0.8027596121967235
3.7894736842105274 -0.9705650587155673 -0.6212741107294284
3.7894736842105274 -0.9361016771121463 -0.4554812506564897
3.7894736842105274 -0.8904765671568893 -0.30527729040853
3.7894736842105274 -0.8351265495856609 -0.1705169917884226
3.7894736842105274 -0.7714365743496379 -0.0510136199712895
3.7894736842105274 -0.7007397206153084 0.05346105649549743
3.7894736842105274 -0.624317196764474 0.14317676569231713
3.7894736842105274 -0.5433983403942437 0.21844473232729955
3.7894736842105274 -0.4591606183170439 0.27961767773632434
3.7894736842105274 -0.37272962656060826 0.32708981988302277
3.7894736842105274 -0.2851790903679844 0.3612968733587761
3.7894736842105274 -0.1975308641975311 0.38271604938271614
3.7894736842105274 -0.11075493172291827 0.3918660558017256
3.7894736842105274 -0.02576940583312913 0.3893070970904383
3.7894736842105274 0.05655947136754297 0.37564087435123716
3.7894736842105274 0.1354173285594921 0.35151058531425694
3.7894736842105274 0.21004166520780104 0.3176009243373831
3.7894736842105274 0.27972185156223994 0.27463808240625104
3.7894736842105274 0.34379912865726847 0.2233897471342474
3.7894736842105274 0.4016666083120338 0.16466510276250837
3.7894736842105274 0.45276927313037174 0.09931483015992196
3.7894736842105274 0.4966039765008055 0.028231106823126226
3.7894736842105274 0.532719442596548 -0.04765239312349018
3.7894736842105274 0.5607162663754989 -0.1273604989277878
3.7894736842105274 0.5802469135802468 -0.2098765432098765
3.7894736842105274 0.5910157207380694 -0.29414236196211613
3.7894736842105274 0.5927788951609313 -0.37905829454911555
3.7894736842105274 0.585344514945486 -0.46348318370773267
3.7894736842105274 0.5685725289730752 -0.5462343755470748
3.7894736842105274 0.5423747569097289 -0.6260877195484992
3.7894736842105274 0.5067148892061653 -0.7017775685656128
3.7894736842105274 0.4616084870977907 -0.7719967788242712
3.7894736842105274 0.40712298260470026 -0.8353967099225785
3.7894736842105274 0.34337767853167656 -0.8905872248308909
3.7894736842105274 0.27054374846819074 -0.9361366898918106
3.7894736842105274 0.18884423678840323 -0.9705719748201921
3.7894736842105274 0.09855405865116082 -0.9923784527031384
3.7894736842105274 0.0 -1.0

3.5789473684210527 -1.0 -1.0
3.5789473684210527 -0.9923780204465988 -0.8027596121967233
3.5789473684210527 -0.9705650587155668 -0.6212741107294284
3.5789473684210527 -0.9361016771121461 -0.4554812506564897
3.5789473684210527 -0.8904765671568888 -0.30527729040853
3.5789473684210527 -0.8351265495856605 -0.1705169917884226
3.5789473684210527 -0.7714365743496374 -0.0510136199712895
3.5789473684210527 -0.7007397206153084 0.0534610564954974
3.5789473684210527 -0.6243171967644735 0.14317676569231713
3.5789473684210527 -0.5433983403942437 0.21844473232729955
3.5789473684210527 -0.45916061831704386 0.27961767773632434
3.5789473684210527 -0.37272962656060826 0.32708981988302277
3.5789473684210527 -0.28517909036798417 0.3612968733587759
3.5789473684210527 -0.1975308641975311 0.38271604938271614
3.5789473684210527 -0.11075493172291825 0.3918660558017256
3.5789473684210527 -0.025769405833129116 0.3893070970904381
3.5789473684210527 0.05655947136754297 0.37564087435123694
3.5789473684210527 0.1354173285594921 0.35151058531425694
3.5789473684210527 0.21004166520780093 0.3176009243373831
3.5789473684210527 0.27972185156223994 0.27463808240625104
3.5789473684210527 0.34379912865726847 0.22338974713424725
3.5789473684210527 0.4016666083120338 0.16466510276250837
3.5789473684210527 0.45276927313037163 0.09931483015992196
3.5789473684210527 0.4966039765008055 0.028231106823126212
3.5789473684210527 0.5327194425965478 -0.04765239312349018
3.5789473684210527 0.5607162663754987 -0.1273604989277878
3.5789473684210527 0.5802469135802468 -0.2098765432098764
3.5789473684210527 0.5910157207380694 -0.294142361962116
3.5789473684210527 0.5927788951609313 -0.3790582945491153
3.5789473684210527 0.585344514945486 -0.46348318370773245
3.5789473684210527 0.5685725289730752 -0.5462343755470748
3.5789473684210527 0.5423747569097289 -0.6260877195484992
3.5789473684210527 0.5067148892061653 -0.7017775685656128
3.5789473684210527 0.4616084870977907 -0.7719967788242708
3.5789473684210527 0.40712298260470003 -0.8353967099225785
3.5789473684210527 0.34337767853167633 -0.8905872248308905
3.5789473684210527 0.27054374846819074 -0.9361366898918105
3.5789473684210527 0.18884423678840323 -0.9705719748201921
3.5789473684210527 0.09855405865116082 -0.9923784527031378
3.5789473684210527 0.0 -1.0

3.3684210526315788 -1.0 -1.0
3.3684210526315788 -0.9923780204465986 -0.8027596121967233
3.368421052631578 -0.9705650587155666 -0.6212741107294282
3.3684210526315788 -0.936101677112146 -0.4554812506564897
3.3684210526315788 -0.8904765671568888 -0.30527729040853
3.3684210526315788 -0.8351265495856603 -0.1705169917884226
3.3684210526315788 -0.7714365743496373 -0.0510136199712895
3.3684210526315788 -0.7007397206153084 0.053461056495497386
3.3684210526315788 -0.6243171967644732 0.14317676569231713
3.3684210526315788 -0.5433983403942437 0.2184447323272995
3.3684210526315788 -0.45916061831704386 0.27961767773632434
3.3684210526315788 -0.3727296265606082 0.32708981988302266
3.3684210526315788 -0.28517909036798417 0.36129687335877586
3.3684210526315788 -0.19753086419753105 0.3827160493827161
3.3684210526315788 -0.11075493172291825 0.3918660558017256
3.3684210526315788 -0.025769405833129116 0.3893070970904381
3.3684210526315788 0.05655947136754297 0.37564087435123694
3.3684210526315788 0.1354173285594921 0.35151058531425694
3.3684210526315788 0.21004166520780093 0.3176009243373831
3.3684210526315788 0.27972185156223994 0.27463808240625104
3.3684210526315788 0.34379912865726847 0.22338974713424722
3.3684210526315788 0.4016666083120338 0.16466510276250837
3.3684210526315788 0.45276927313037163 0.09931483015992193
3.3684210526315788 0.4966039765008054 0.02823110682312621
3.3684210526315788 0.5327194425965478 -0.04765239312349018
3.3684210526315788 0.5607162663754987 -0.1273604989277878
3.3684210526315788 0.5802469135802468 -0.20987654320987637
3.3684210526315788 0.5910157207380694 -0.294142361962116
3.3684210526315788 0.5927788951609313 -0.37905829454911527
3.3684210526315788 0.585344514945486 -0.46348318370773245
3.3684210526315788 0.5685725289730752 -0.5462343755470748
3.3684210526315788 0.5423747569097289 -0.6260877195484992
3.3684210526315788 0.5067148892061653 -0.7017775685656126
3.3684210526315788 0.4616084870977907 -0.7719967788242708
3.3684210526315788 0.40712298260470003 -0.8353967099225785
3.3684210526315788 0.34337767853167633 -0.8905872248308905
3.3684210526315788 0.27054374846819074 -0.9361366898918105
3.3684210526315788 0.18884423678840323 -0.9705719748201918
3.3684210526315788 0.09855405865116082 -0.9923784527031377
3.3684210526315788 0.0 -1.0

3.157894736842106 -1.0 -1.0
3.157894736842106 -0.9923780204465988 -0.8027596121967233
3.1578947368421053 -0.9705650587155669 -0.6212741107294284
3.157894736842106 -0.9361016771121462 -0.4554812506564897
3.157894736842106 -0.8904765671568888 -0.30527729040853
3.157894736842106 -0.8351265495856605 -0.1705169917884226
3.157894736842106 -0.7714365743496375 -0.0510136199712895
3.157894736842106 -0.7007397206153084 0.0534610564954974
3.157894736842106 -0.6243171967644735 0.14317676569231713
3.157894736842106 -0.5433983403942437 0.21844473232729955
3.157894736842106 -0.45916061831704386 0.27961767773632434
3.157894736842106 -0.37272962656060826 0.32708981988302277
3.157894736842106 -0.28517909036798417 0.3612968733587759
3.157894736842106 -0.1975308641975311 0.38271604938271614
3.157894736842106 -0.11075493172291825 0.3918660558017256
3.157894736842106 -0.025769405833129116 0.3893070970904381
3.157894736842106 0.05655947136754297 0.37564087435123694
3.157894736842106 0.1354173285594921 0.35151058531425694
3.157894736842106 0.21004166520780093 0.3176009243373831
3.157894736842106 0.27972185156223994 0.27463808240625104
3.157894736842106 0.34379912865726847 0.22338974713424728
3.157894736842106 0.4016666083120338 0.16466510276250837
3.157894736842106 0.45276927313037163 0.09931483015992196
3.157894736842106 0.4966039765008055 0.028231106823126212
3.157894736842106 0.5327194425965478 -0.04765239312349018
3.157894736842106 0.5607162663754987 -0.1273604989277878
3.157894736842106 0.5802469135802468 -0.2098765432098764
3.157894736842106 0.5910157207380694 -0.294142361962116
3.157894736842106 0.5927788951609313 -0.3790582945491154
3.157894736842106 0.585344514945486 -0.46348318370773245
3.157894736842106 0.5685725289730752 -0.5462343755470748
3.157894736842106 0.5423747569097289 -0.6260877195484992
3.157894736842106 0.5067148892061653 -0.7017775685656127
3.157894736842106 0.4616084870977907 -0.7719967788242708
3.157894736842106 0.40712298260470003 -0.8353967099225785
3.157894736842106 0.34337767853167633 -0.8905872248308906
3.157894736842106 0.27054374846819074 -0.9361366898918105
3.157894736842106 0.18884423678840323 -0.9705719748201921
3.157894736842106 0.09855405865116082 -0.992378452703138
3.157894736842106 0.0 -1.0

2.947368421052632 -1.0 -1.0
2.947368421052632 -0.992378020446599 -0.8027596121967233
2.947368421052632 -0.970565058715567 -0.6212741107294284
2.947368421052632 -0.9361016771121461 -0.45548125065648976
2.947368421052632 -0.8904765671568889 -0.30527729040853
2.947368421052632 -0.8351265495856607 -0.1705169917884226
2.947368421052632 -0.7714365743496376 -0.05101361997128951
2.947368421052632 -0.7007397206153084 0.05346105649549741
2.9473684210526327 -0.6243171967644736 0.14317676569231713
2.947368421052632 -0.5433983403942437 0.21844473232729955
2.947368421052632 -0.45916061831704397 0.27961767773632434
2.947368421052632 -0.37272962656060826 0.32708981988302277
2.947368421052632 -0.28517909036798417 0.3612968733587759
2.947368421052632 -0.1975308641975311 0.38271604938271625
2.947368421052632 -0.11075493172291825 0.3918660558017256
2.947368421052632 -0.02576940583312912 0.38930709709043815
2.947368421052632 0.056559471367542975 0.37564087435123694
2.947368421052632 0.13541732855949212 0.35151058531425694
2.947368421052632 0.21004166520780093 0.3176009243373831
2.947368421052632 0.27972185156223994 0.27463808240625104
2.947368421052632 0.34379912865726847 0.2233897471342473
2.947368421052632 0.40166660831203393 0.16466510276250837
2.947368421052632 0.45276927313037163 0.09931483015992196
2.947368421052632 0.49660397650080557 0.028231106823126212
2.947368421052632 0.5327194425965478 -0.047652393123490185
2.947368421052632 0.5607162663754987 -0.1273604989277878
2.947368421052632 0.5802469135802468 -0.20987654320987645
2.947368421052632 0.5910157207380695 -0.294142361962116
2.947368421052632 0.5927788951609314 -0.37905829454911544
2.947368421052632 0.585344514945486 -0.46348318370773245
2.947368421052632 0.5685725289730752 -0.5462343755470748
2.947368421052632 0.542374756909729 -0.6260877195484992
2.947368421052632 0.5067148892061653 -0.7017775685656129
2.947368421052632 0.4616084870977907 -0.7719967788242708
2.947368421052632 0.4071229826047001 -0.8353967099225785
2.947368421052632 0.34337767853167633 -0.8905872248308905
2.947368421052632 0.27054374846819074 -0.9361366898918108
2.947368421052632 0.18884423678840323 -0.9705719748201921
2.947368421052632 0.09855405865116082 -0.9923784527031381
2.947368421052632 0.0 -1.0

2.736842105263158 -1.0 -1.0
2.736842105263158 -0.9923780204465988 -0.8027596121967233
2.736842105263158 -0.9705650587155668 -0.6212741107294284
2.736842105263158 -0.9361016771121461 -0.4554812506564897
2.736842105263158 -0.8904765671568888 -0.30527729040853
2.736842105263158 -0.8351265495856606 -0.1705169917884226
2.736842105263158 -0.7714365743496374 -0.0510136199712895
2.736842105263158 -0.7007397206153084 0.0534610564954974
2.736842105263158 -0.6243171967644735 0.14317676569231713
2.736842105263158 -0.5433983403942437 0.21844473232729955
2.736842105263158 -0.4591606183170438 0.27961767773632434
2.736842105263158 -0.37272962656060826 0.32708981988302277
2.736842105263158 -0.28517909036798417 0.3612968733587759
2.736842105263158 -0.1975308641975311 0.3827160493827161
2.736842105263158 -0.11075493172291825 0.3918660558017256
2.736842105263158 -0.025769405833129116 0.3893070970904381
2.736842105263158 0.05655947136754297 0.37564087435123694
2.736842105263158 0.1354173285594921 0.35151058531425694
2.736842105263158 0.21004166520780093 0.3176009243373831
2.736842105263158 0.27972185156223994 0.27463808240625104
2.736842105263158 0.34379912865726847 0.22338974713424725
2.736842105263158 0.4016666083120338 0.16466510276250837
2.736842105263158 0.45276927313037163 0.09931483015992196
2.736842105263158 0.49660397650080557 0.028231106823126212
2.736842105263158 0.5327194425965478 -0.04765239312349018
2.736842105263158 0.5607162663754987 -0.1273604989277878
2.736842105263158 0.5802469135802468 -0.20987654320987642
2.736842105263158 0.5910157207380694 -0.294142361962116
2.736842105263158 0.5927788951609313 -0.3790582945491153
2.736842105263158 0.585344514945486 -0.46348318370773245
2.736842105263158 0.5685725289730752 -0.5462343755470748
2.736842105263158 0.5423747569097289 -0.6260877195484992
2.736842105263158 0.5067148892061653 -0.7017775685656128
2.736842105263158 0.4616084870977907 -0.7719967788242708
2.736842105263158 0.40712298260470003 -0.8353967099225785
2.736842105263158 0.34337767853167633 -0.8905872248308904
2.736842105263158 0.27054374846819074 -0.9361366898918104
2.736842105263158 0.18884423678840323 -0.970571974820192
2.736842105263158 0.09855405865116082 -0.9923784527031378
2.736842105263158 0.0 -1.0

2.5263157894736836 -1.0 -1.0
2.5263157894736836 -0.9923780204465988 -0.8027596121967233
2.5263157894736836 -0.9705650587155668 -0.6212741107294284
2.5263157894736836 -0.936101677112146 -0.4554812506564897
2.5263157894736836 -0.8904765671568888 -0.30527729040853
2.5263157894736836 -0.8351265495856605 -0.1705169917884226
2.5263157894736836 -0.7714365743496374 -0.0510136199712895
2.5263157894736836 -0.7007397206153084 0.0534610564954974
2.5263157894736836 -0.6243171967644734 0.14317676569231713
2.5263157894736836 -0.5433983403942437 0.21844473232729952
2.5263157894736836 -0.4591606183170437 0.27961767773632434
2.5263157894736836 -0.37272962656060826 0.32708981988302277
2.5263157894736836 -0.28517909036798417 0.3612968733587759
2.5263157894736836 -0.19753086419753108 0.3827160493827161
2.5263157894736836 -0.11075493172291825 0.3918660558017256
2.5263157894736836 -0.025769405833129116 0.3893070970904381
2.5263157894736836 0.05655947136754297 0.37564087435123694
2.5263157894736836 0.1354173285594921 0.35151058531425694
2.5263157894736836 0.21004166520780093 0.3176009243373831
2.5263157894736836 0.27972185156223994 0.27463808240625104
2.5263157894736836 0.34379912865726847 0.22338974713424725
2.5263157894736836 0.4016666083120338 0.16466510276250837
2.5263157894736836 0.4527692731303715 0.09931483015992194
2.5263157894736836 0.4966039765008054 0.028231106823126212
2.5263157894736836 0.5327194425965478 -0.04765239312349018
2.5263157894736836 0.5607162663754985 -0.1273604989277878
2.5263157894736836 0.5802469135802468 -0.2098765432098764
2.5263157894736836 0.5910157207380694 -0.29414236196211596
2.5263157894736836 0.5927788951609313 -0.3790582945491153
2.5263157894736836 0.5853445149454859 -0.46348318370773245
2.5263157894736836 0.5685725289730752 -0.5462343755470748
2.5263157894736836 0.5423747569097289 -0.6260877195484992
2.5263157894736836 0.5067148892061653 -0.7017775685656127
2.5263157894736836 0.46160848709779057 -0.7719967788242708
2.5263157894736836 0.40712298260470003 -0.8353967099225785
2.5263157894736836 0.34337767853167633 -0.8905872248308904
2.5263157894736836 0.27054374846819074 -0.9361366898918102
2.5263157894736836 0.18884423678840323 -0.970571974820192
2.5263157894736836 0.09855405865116082 -0.9923784527031378
2.5263157894736836 0.0 -1.0

2.3157894736842106 -1.0 -1.0
2.3157894736842106 -0.9923780204465988 -0.8027596121967233
2.31578947368421 -0.9705650587155669 -0.6212741107294284
2.3157894736842106 -0.9361016771121461 -0.4554812506564897
2.3157894736842106 -0.8904765671568888 -0.30527729040853
2.3157894736842106 -0.8351265495856605 -0.1705169917884226
2.3157894736842106 -0.7714365743496375 -0.0510136199712895
2.3157894736842106 -0.7007397206153084 0.0534610564954974
2.315789473684211 -0.6243171967644735 0.14317676569231713
2.3157894736842106 -0.5433983403942437 0.21844473232729955
2.3157894736842106 -0.4591606183170439 0.27961767773632434
2.3157894736842106 -0.37272962656060826 0.32708981988302277
2.3157894736842106 -0.28517909036798417 0.3612968733587759
2.3157894736842106 -0.1975308641975311 0.38271604938271614
2.3157894736842106 -0.11075493172291825 0.3918660558017256
2.3157894736842106 -0.025769405833129116 0.3893070970904381
2.3157894736842106 0.05655947136754297 0.37564087435123694
2.3157894736842106 0.1354173285594921 0.35151058531425694
2.3157894736842106 0.21004166520780093 0.3176009243373831
2.3157894736842106 0.27972185156223994 0.27463808240625104
2.3157894736842106 0.34379912865726847 0.22338974713424728
2.3157894736842106 0.4016666083120338 0.16466510276250837
2.3157894736842106 0.45276927313037163 0.09931483015992196
2.3157894736842106 0.49660397650080546 0.028231106823126212
2.3157894736842106 0.5327194425965478 -0.04765239312349018
2.3157894736842106 0.5607162663754987 -0.1273604989277878
2.3157894736842106 0.5802469135802468 -0.2098765432098764
2.3157894736842106 0.5910157207380694 -0.294142361962116
2.3157894736842106 0.5927788951609313 -0.3790582945491154
2.3157894736842106 0.585344514945486 -0.46348318370773245
2.3157894736842106 0.5685725289730752 -0.5462343755470748
2.3157894736842106 0.5423747569097289 -0.6260877195484992
2.3157894736842106 0.5067148892061653 -0.7017775685656128
2.3157894736842106 0.4616084870977907 -0.7719967788242708
2.3157894736842106 0.40712298260470003 -0.8353967099225785
2.3157894736842106 0.34337767853167633 -0.8905872248308905
2.3157894736842106 0.27054374846819074 -0.9361366898918106
2.3157894736842106 0.18884423678840323 -0.970571974820192
2.3157894736842106 0.09855405865116082 -0.992378452703138
2.3157894736842106 0.0 -1.0

2.1052631578947376 -1.0 -1.0
2.1052631578947376 -0.9923780204465993 -0.8027596121967233
2.105263157894737 -0.970565058715567 -0.6212741107294284
2.1052631578947376 -0.9361016771121462 -0.4554812506564897
2.1052631578947376 -0.8904765671568888 -0.30527729040853
2.1052631578947376 -0.8351265495856606 -0.1705169917884226
2.1052631578947376 -0.7714365743496376 -0.0510136199712895
2.1052631578947376 -0.7007397206153085 0.0534610564954974
2.1052631578947376 -0.6243171967644735 0.14317676569231713
2.1052631578947376 -0.5433983403942437 0.21844473232729955
2.1052631578947376 -0.4591606183170439 0.27961767773632434
2.1052631578947376 -0.37272962656060826 0.32708981988302277
2.1052631578947376 -0.28517909036798417 0.3612968733587759
2.1052631578947376 -0.19753086419753113 0.3827160493827162
2.1052631578947376 -0.11075493172291825 0.3918660558017256
2.1052631578947376 -0.025769405833129116 0.3893070970904381
2.1052631578947376 0.05655947136754297 0.37564087435123694
2.1052631578947376 0.13541732855949212 0.35151058531425694
2.1052631578947376 0.21004166520780093 0.3176009243373831
2.1052631578947376 0.27972185156223994 0.27463808240625104
2.1052631578947376 0.34379912865726847 0.2233897471342473
2.1052631578947376 0.4016666083120338 0.1646651027625084
2.1052631578947376 0.45276927313037163 0.09931483015992196
2.1052631578947376 0.49660397650080557 0.028231106823126212
2.1052631578947376 0.5327194425965478 -0.04765239312349018
2.1052631578947376 0.5607162663754988 -0.12736049892778784
2.1052631578947376 0.5802469135802468 -0.20987654320987642
2.1052631578947376 0.5910157207380695 -0.2941423619621161
2.1052631578947376 0.5927788951609314 -0.37905829454911544
2.1052631578947376 0.5853445149454861 -0.46348318370773245
2.1052631578947376 0.5685725289730752 -0.5462343755470748
2.1052631578947376 0.542374756909729 -0.6260877195484993
2.1052631578947376 0.5067148892061653 -0.7017775685656129
2.1052631578947376 0.4616084870977907 -0.7719967788242708
2.1052631578947376 0.40712298260470003 -0.8353967099225785
2.1052631578947376 0.34337767853167633 -0.8905872248308906
2.1052631578947376 0.27054374846819074 -0.9361366898918106
2.1052631578947376 0.18884423678840323 -0.9705719748201921
2.1052631578947376 0.09855405865116082 -0.9923784527031381
2.1052631578947376 0.0 -1.0

1.8947368421052637 -1.0 -1.0
1.8947368421052637 -0.9923780204465988 -0.8027596121967233
1.8947368421052637 -0.970565058715567 -0.6212741107294284
1.8947368421052637 -0.9361016771121461 -0.4554812506564897
1.8947368421052637 -0.8904765671568888 -0.30527729040853
1.8947368421052637 -0.8351265495856605 -0.1705169917884226
1.8947368421052637 -0.7714365743496375 -0.0510136199712895
1.8947368421052637 -0.7007397206153084 0.0534610564954974
1.8947368421052637 -0.6243171967644735 0.14317676569231713
1.8947368421052637 -0.5433983403942437 0.21844473232729955
1.8947368421052637 -0.45916061831704386 0.27961767773632434
1.8947368421052637 -0.37272962656060826 0.32708981988302277
1.8947368421052637 -0.28517909036798417 0.3612968733587759
1.8947368421052637 -0.1975308641975311 0.38271604938271614
1.8947368421052637 -0.11075493172291825 0.3918660558017256
1.8947368421052637 -0.025769405833129116 0.3893070970904381
1.8947368421052637 0.05655947136754297 0.37564087435123694
1.8947368421052637 0.1354173285594921 0.35151058531425694
1.8947368421052637 0.21004166520780093 0.3176009243373831
1.8947368421052637 0.27972185156223994 0.27463808240625104
1.8947368421052637 0.34379912865726847 0.22338974713424728
1.8947368421052637 0.4016666083120338 0.16466510276250837
1.8947368421052637 0.45276927313037163 0.09931483015992196
1.8947368421052637 0.4966039765008055 0.028231106823126212
1.8947368421052637 0.5327194425965478 -0.04765239312349018
1.8947368421052637 0.5607162663754987 -0.1273604989277878
1.8947368421052637 0.5802469135802468 -0.2098765432098764
1.8947368421052637 0.5910157207380694 -0.294142361962116
1.8947368421052637 0.5927788951609313 -0.3790582945491154
1.8947368421052637 0.585344514945486 -0.46348318370773245
1.8947368421052637 0.5685725289730752 -0.5462343755470748
1.8947368421052637 0.5423747569097289 -0.6260877195484992
1.8947368421052637 0.5067148892061653 -0.7017775685656128
1.8947368421052637 0.4616084870977907 -0.7719967788242708
1.8947368421052637 0.40712298260470003 -0.8353967099225785
1.8947368421052637 0.34337767853167633 -0.8905872248308905
1.8947368421052637 0.27054374846819074 -0.9361366898918105
1.8947368421052637 0.18884423678840323 -0.970571974820192
1.8947368421052637 0.09855405865116082 -0.9923784527031381
1.8947368421052637 0.0 -1.0

1.6842105263157894 -1.0 -1.0
1.6842105263157894 -0.9923780204465988 -0.8027596121967233
1.6842105263157894 -0.9705650587155669 -0.6212741107294284
1.6842105263157894 -0.9361016771121461 -0.4554812506564897
1.6842105263157894 -0.8904765671568888 -0.30527729040853
1.6842105263157894 -0.8351265495856605 -0.1705169917884226
1.6842105263157894 -0.7714365743496375 -0.0510136199712895
1.6842105263157894 -0.7007397206153084 0.0534610564954974
1.6842105263157896 -0.6243171967644735 0.14317676569231713
1.6842105263157894 -0.5433983403942437 0.21844473232729955
1.6842105263157894 -0.4591606183170439 0.27961767773632434
1.6842105263157894 -0.37272962656060826 0.32708981988302277
1.6842105263157894 -0.28517909036798417 0.3612968733587759
1.6842105263157894 -0.1975308641975311 0.38271604938271614
1.6842105263157894 -0.11075493172291825 0.3918660558017256
1.6842105263157894 -0.025769405833129116 0.3893070970904381
1.6842105263157894 0.05655947136754297 0.37564087435123694
1.6842105263157894 0.1354173285594921 0.35151058531425694
1.6842105263157894 0.21004166520780093 0.3176009243373831
1.6842105263157894 0.27972185156223994 0.27463808240625104
1.6842105263157894 0.34379912865726847 0.22338974713424728
1.6842105263157894 0.4016666083120338 0.16466510276250837
1.6842105263157894 0.45276927313037163 0.09931483015992196
1.6842105263157894 0.49660397650080546 0.028231106823126212
1.6842105263157894 0.5327194425965478 -0.04765239312349018
1.6842105263157894 0.5607162663754987 -0.1273604989277878
1.6842105263157894 0.5802469135802468 -0.2098765432098764
1.6842105263157894 0.5910157207380694 -0.294142361962116
1.6842105263157894 0.5927788951609313 -0.3790582945491154
1.6842105263157894 0.585344514945486 -0.46348318370773245
1.6842105263157894 0.5685725289730752 -0.5462343755470748
1.6842105263157894 0.5423747569097289 -0.6260877195484992
1.6842105263157894 0.5067148892061653 -0.7017775685656128
1.6842105263157894 0.4616084870977907 -0.7719967788242708
1.6842105263157894 0.40712298260470003 -0.8353967099225785
1.6842105263157894 0.34337767853167633 -0.8905872248308905
1.6842105263157894 0.27054374846819074 -0.9361366898918106
1.6842105263157894 0.18884423678840323 -0.970571974820192
1.6842105263157894 0.09855405865116082 -0.992378452703138
1.6842105263157894 0.0 -1.0

1.473684210526316 -1.0 -1.0
1.473684210526316 -0.9923780204465988 -0.8027596121967233
1.473684210526316 -0.9705650587155669 -0.6212741107294284
1.473684210526316 -0.936101677112146 -0.4554812506564897
1.473684210526316 -0.8904765671568888 -0.30527729040853
1.473684210526316 -0.8351265495856606 -0.1705169917884226
1.473684210526316 -0.7714365743496375 -0.0510136199712895
1.473684210526316 -0.7007397206153084 0.0534610564954974
1.473684210526316 -0.6243171967644735 0.14317676569231713
1.473684210526316 -0.5433983403942437 0.21844473232729955
1.473684210526316 -0.45916061831704386 0.27961767773632434
1.473684210526316 -0.37272962656060826 0.32708981988302277
1.473684210526316 -0.28517909036798417 0.3612968733587759
1.473684210526316 -0.1975308641975311 0.38271604938271614
1.473684210526316 -0.11075493172291825 0.3918660558017256
1.473684210526316 -0.025769405833129116 0.3893070970904381
1.473684210526316 0.05655947136754297 0.37564087435123694
1.473684210526316 0.1354173285594921 0.35151058531425694
1.473684210526316 0.21004166520780093 0.3176009243373831
1.473684210526316 0.27972185156223994 0.27463808240625104
1.473684210526316 0.34379912865726847 0.22338974713424728
1.473684210526316 0.4016666083120338 0.16466510276250837
1.473684210526316 0.45276927313037163 0.09931483015992196
1.473684210526316 0.4966039765008055 0.028231106823126212
1.473684210526316 0.5327194425965478 -0.04765239312349018
1.473684210526316 0.5607162663754987 -0.1273604989277878
1.473684210526316 0.5802469135802468 -0.20987654320987642
1.473684210526316 0.5910157207380694 -0.294142361962116
1.473684210526316 0.5927788951609313 -0.3790582945491154
1.473684210526316 0.585344514945486 -0.46348318370773245
1.473684210526316 0.5685725289730752 -0.5462343755470748
1.473684210526316 0.5423747569097289 -0.6260877195484992
1.473684210526316 0.5067148892061653 -0.7017775685656128
1.473684210526316 0.4616084870977907 -0.7719967788242708
1.473684210526316 0.40712298260470003 -0.8353967099225785
1.473684210526316 0.34337767853167633 -0.8905872248308904
1.473684210526316 0.27054374846819074 -0.9361366898918105
1.473684210526316 0.18884423678840323 -0.970571974820192
1.473684210526316 0.09855405865116082 -0.992378452703138
1.473684210526316 0.0 -1.0

1.263157894736842 -1.0 -1.0
1.263157894736842 -0.9923780204465988 -0.8027596121967233
1.263157894736842 -0.9705650587155668 -0.6212741107294284
1.263157894736842 -0.9361016771121461 -0.4554812506564897
1.263157894736842 -0.8904765671568888 -0.30527729040853
1.263157894736842 -0.8351265495856606 -0.1705169917884226
1.263157894736842 -0.7714365743496374 -0.0510136199712895
1.263157894736842 -0.7007397206153084 0.0534610564954974
1.263157894736842 -0.6243171967644735 0.14317676569231713
1.263157894736842 -0.5433983403942437 0.21844473232729955
1.263157894736842 -0.4591606183170438 0.27961767773632434
1.263157894736842 -0.37272962656060826 0.32708981988302277
1.263157894736842 -0.28517909036798417 0.3612968733587759
1.263157894736842 -0.1975308641975311 0.3827160493827161
1.263157894736842 -0.11075493172291825 0.3918660558017256
1.263157894736842 -0.025769405833129116 0.3893070970904381
1.263157894736842 0.05655947136754297 0.37564087435123694
1.263157894736842 0.1354173285594921 0.35151058531425694
1.263157894736842 0.21004166520780093 0.3176009243373831
1.263157894736842 0.27972185156223994 0.27463808240625104
1.263157894736842 0.34379912865726847 0.22338974713424725
1.263157894736842 0.4016666083120338 0.16466510276250837
1.263157894736842 0.45276927313037163 0.09931483015992196
1.263157894736842 0.49660397650080557 0.028231106823126212
1.263157894736842 0.5327194425965478 -0.04765239312349018
1.263157894736842 0.5607162663754987 -0.1273604989277878
1.263157894736842 0.5802469135802468 -0.20987654320987642
1.263157894736842 0.5910157207380694 -0.294142361962116
1.263157894736842 0.5927788951609313 -0.3790582945491153
1.263157894736842 0.585344514945486 -0.46348318370773245
1.263157894736842 0.5685725289730752 -0.5462343755470748
1.263157894736842 0.5423747569097289 -0.6260877195484992
1.263157894736842 0.5067148892061653 -0.7017775685656128
1.263157894736842 0.4616084870977907 -0.7719967788242708
1.263157894736842 0.40712298260470003 -0.8353967099225785
1.263157894736842 0.34337767853167633 -0.8905872248308904
1.263157894736842 0.27054374846819074 -0.9361366898918104
1.263157894736842 0.18884423678840323 -0.970571974820192
1.263157894736842 0.09855405865116082 -0.9923784527031378
1.263157894736842 0.0 -1.0

1.0526315789473686 -1.0 -1.0
1.0526315789473686 -0.9923780204465988 -0.8027596121967233
1.0526315789473686 -0.970565058715567 -0.6212741107294284
1.0526315789473686 -0.9361016771121461 -0.4554812506564897
1.0526315789473686 -0.8904765671568888 -0.30527729040853
1.0526315789473686 -0.8351265495856605 -0.1705169917884226
1.0526315789473686 -0.7714365743496375 -0.0510136199712895
1.0526315789473686 -0.7007397206153084 0.0534610564954974
1.0526315789473686 -0.6243171967644735 0.14317676569231713
1.0526315789473686 -0.5433983403942437 0.21844473232729955
1.0526315789473686 -0.45916061831704386 0.27961767773632434
1.0526315789473686 -0.37272962656060826 0.32708981988302277
1.0526315789473686 -0.28517909036798417 0.3612968733587759
1.0526315789473686 -0.1975308641975311 0.38271604938271614
1.0526315789473686 -0.11075493172291825 0.3918660558017256
1.0526315789473686 -0.025769405833129116 0.3893070970904381
1.0526315789473686 0.05655947136754297 0.37564087435123694
1.0526315789473686 0.1354173285594921 0.35151058531425694
1.0526315789473686 0.21004166520780093 0.3176009243373831
1.0526315789473686 0.27972185156223994 0.27463808240625104
1.0526315789473686 0.34379912865726847 0.22338974713424728
1.0526315789473686 0.4016666083120338 0.16466510276250837
1.0526315789473686 0.45276927313037163 0.09931483015992196
1.0526315789473686 0.4966039765008055 0.028231106823126212
1.0526315789473686 0.5327194425965478 -0.04765239312349018
1.0526315789473686 0.5607162663754987 -0.1273604989277878
1.0526315789473686 0.5802469135802468 -0.2098765432098764
1.0526315789473686 0.5910157207380694 -0.294142361962116
1.0526315789473686 0.5927788951609313 -0.3790582945491154
1.0526315789473686 0.585344514945486 -0.46348318370773245
1.0526315789473686 0.5685725289730752 -0.5462343755470748
1.0526315789473686 0.5423747569097289 -0.6260877195484992
1.0526315789473686 0.5067148892061653 -0.7017775685656128
1.0526315789473686 0.4616084870977907 -0.7719967788242708
1.0526315789473686 0.40712298260470003 -0.8353967099225785
1.0526315789473686 0.34337767853167633 -0.8905872248308906
1.0526315789473686 0.27054374846819074 -0.9361366898918105
1.0526315789473686 0.18884423678840323 -0.970571974820192
1.0526315789473686 0.09855405865116082 -0.9923784527031381
1.0526315789473686 0.0 -1.0

0.8421052631578947 -1.0 -1.0
0.8421052631578947 -0.9923780204465988 -0.8027596121967233
0.8421052631578947 -0.9705650587155669 -0.6212741107294284
0.8421052631578947 -0.9361016771121462 -0.4554812506564897
0.8421052631578947 -0.8904765671568888 -0.30527729040853
0.8421052631578947 -0.8351265495856605 -0.1705169917884226
0.8421052631578947 -0.7714365743496375 -0.0510136199712895
0.8421052631578947 -0.7007397206153084 0.0534610564954974
0.8421052631578947 -0.6243171967644735 0.14317676569231713
0.8421052631578947 -0.5433983403942437 0.21844473232729955
0.8421052631578947 -0.45916061831704386 0.27961767773632434
0.8421052631578947 -0.37272962656060826 0.32708981988302277
0.8421052631578947 -0.28517909036798417 0.3612968733587759
0.8421052631578947 -0.1975308641975311 0.38271604938271614
0.8421052631578947 -0.11075493172291825 0.3918660558017256
0.8421052631578947 -0.025769405833129116 0.3893070970904381
0.8421052631578947 0.05655947136754297 0.37564087435123694
0.8421052631578947 0.1354173285594921 0.35151058531425694
0.8421052631578947 0.21004166520780093 0.3176009243373831
0.8421052631578947 0.27972185156223994 0.27463808240625104
0.8421052631578947 0.34379912865726847 0.22338974713424728
0.8421052631578947 0.4016666083120338 0.16466510276250837
0.8421052631578947 0.45276927313037163 0.09931483015992196
0.8421052631578947 0.4966039765008055 0.028231106823126212
0.8421052631578947 0.5327194425965478 -0.04765239312349018
0.8421052631578947 0.5607162663754987 -0.1273604989277878
0.8421052631578947 0.5802469135802468 -0.2098765432098764
0.8421052631578947 0.5910157207380694 -0.294142361962116
0.8421052631578947 0.5927788951609313 -0.3790582945491154
0.8421052631578947 0.585344514945486 -0.46348318370773245
0.8421052631578947 0.5685725289730752 -0.5462343755470748
0.8421052631578947 0.5423747569097289 -0.6260877195484992
0.8421052631578947 0.5067148892061653 -0.7017775685656127
0.8421052631578947 0.4616084870977907 -0.7719967788242708
0.8421052631578947 0.40712298260470003 -0.8353967099225785
0.8421052631578947 0.34337767853167633 -0.8905872248308906
0.8421052631578947 0.27054374846819074 -0.9361366898918105
0.8421052631578947 0.18884423678840323 -0.9705719748201921
0.8421052631578947 0.09855405865116082 -0.992378452703138
0.8421052631578947 0.0 -1.0

0.6315789473684212 -1.0 -1.0
0.6315789473684212 -0.9923780204465988 -0.8027596121967233
0.6315789473684212 -0.9705650587155669 -0.6212741107294284
0.6315789473684212 -0.9361016771121461 -0.4554812506564897
0.6315789473684212 -0.8904765671568888 -0.30527729040853
0.6315789473684212 -0.8351265495856603 -0.1705169917884226
0.6315789473684212 -0.7714365743496375 -0.0510136199712895
0.6315789473684212 -0.7007397206153084 0.0534610564954974
0.6315789473684212 -0.6243171967644735 0.14317676569231713
0.6315789473684212 -0.5433983403942437 0.21844473232729955
0.6315789473684212 -0.45916061831704386 0.27961767773632434
0.6315789473684212 -0.37272962656060826 0.32708981988302277
0.6315789473684212 -0.28517909036798417 0.3612968733587759
0.6315789473684212 -0.1975308641975311 0.38271604938271614
0.6315789473684212 -0.11075493172291825 0.3918660558017256
0.6315789473684212 -0.025769405833129116 0.3893070970904381
0.6315789473684212 0.05655947136754297 0.37564087435123694
0.6315789473684212 0.1354173285594921 0.35151058531425694
0.6315789473684212 0.21004166520780093 0.3176009243373831
0.6315789473684212 0.27972185156223994 0.27463808240625104
0.6315789473684212 0.34379912865726847 0.22338974713424728
0.6315789473684212 0.4016666083120338 0.16466510276250837
0.6315789473684212 0.45276927313037163 0.09931483015992196
0.6315789473684212 0.4966039765008055 0.028231106823126212
0.6315789473684212 0.5327194425965478 -0.04765239312349018
0.6315789473684212 0.5607162663754987 -0.1273604989277878
0.6315789473684212 0.5802469135802468 -0.20987654320987637
0.6315789473684212 0.5910157207380694 -0.294142361962116
0.6315789473684212 0.5927788951609313 -0.3790582945491154
0.6315789473684212 0.585344514945486 -0.46348318370773245
0.6315789473684212 0.5685725289730752 -0.5462343755470748
0.6315789473684212 0.5423747569097289 -0.6260877195484992
0.6315789473684212 0.5067148892061653 -0.7017775685656128
0.6315789473684212 0.4616084870977907 -0.7719967788242708
0.6315789473684212 0.40712298260470003 -0.8353967099225785
0.6315789473684212 0.34337767853167633 -0.8905872248308905
0.6315789473684212 0.27054374846819074 -0.9361366898918105
0.6315789473684212 0.18884423678840323 -0.9705719748201921
0.6315789473684212 0.09855405865116082 -0.992378452703138
0.6315789473684212 0.0 -1.0

0.42105263157894735 -1.0 -1.0
0.42105263157894735 -0.9923780204465988 -0.8027596121967233
0.42105263157894735 -0.9705650587155668 -0.6212741107294284
0.42105263157894735 -0.9361016771121461 -0.4554812506564897
0.42105263157894735 -0.8904765671568888 -0.30527729040853
0.42105263157894735 -0.8351265495856605 -0.1705169917884226
0.42105263157894735 -0.7714365743496374 -0.0510136199712895
0.42105263157894735 -0.7007397206153084 0.0534610564954974
0.42105263157894735 -0.6243171967644735 0.14317676569231713
0.42105263157894735 -0.5433983403942437 0.21844473232729955
0.42105263157894735 -0.45916061831704386 0.27961767773632434
0.42105263157894735 -0.37272962656060826 0.32708981988302277
0.42105263157894735 -0.28517909036798417 0.3612968733587759
0.42105263157894735 -0.1975308641975311 0.38271604938271614
0.42105263157894735 -0.11075493172291825 0.3918660558017256
0.42105263157894735 -0.025769405833129116 0.3893070970904381
0.42105263157894735 0.05655947136754297 0.37564087435123694
0.42105263157894735 0.1354173285594921 0.35151058531425694
0.42105263157894735 0.21004166520780093 0.3176009243373831
0.42105263157894735 0.27972185156223994 0.27463808240625104
0.42105263157894735 0.34379912865726847 0.22338974713424725
0.42105263157894735 0.4016666083120338 0.16466510276250837
0.42105263157894735 0.45276927313037163 0.09931483015992196
0.42105263157894735 0.4966039765008055 0.028231106823126212
0.42105263157894735 0.5327194425965478 -0.04765239312349018
0.42105263157894735 0.5607162663754987 -0.1273604989277878
0.42105263157894735 0.5802469135802468 -0.2098765432098764
0.42105263157894735 0.5910157207380694 -0.294142361962116
0.42105263157894735 0.5927788951609313 -0.3790582945491153
0.42105263157894735 0.585344514945486 -0.46348318370773245
0.42105263157894735 0.5685725289730752 -0.5462343755470748
0.42105263157894735 0.5423747569097289 -0.6260877195484992
0.42105263157894735 0.5067148892061653 -0.7017775685656128
0.42105263157894735 0.4616084870977907 -0.7719967788242708
0.42105263157894735 0.40712298260470003 -0.8353967099225785
0.42105263157894735 0.34337767853167633 -0.8905872248308905
0.42105263157894735 0.27054374846819074 -0.9361366898918105
0.42105263157894735 0.18884423678840323 -0.9705719748201921
0.42105263157894735 0.09855405865116082 -0.9923784527031378
0.42105263157894735 0.0 -1.0

0.21052631578947392 -1.0 -1.0
0.21052631578947392 -0.9923780204465988 -0.8027596121967233
0.21052631578947392 -0.9705650587155669 -0.6212741107294284
0.21052631578947392 -0.9361016771121461 -0.4554812506564897
0.21052631578947392 -0.8904765671568888 -0.30527729040853
0.21052631578947392 -0.8351265495856605 -0.1705169917884226
0.21052631578947392 -0.7714365743496375 -0.0510136199712895
0.21052631578947392 -0.7007397206153084 0.0534610564954974
0.21052631578947392 -0.6243171967644735 0.14317676569231713
0.21052631578947392 -0.5433983403942437 0.21844473232729955
0.21052631578947392 -0.45916061831704386 0.27961767773632434
0.21052631578947392 -0.37272962656060826 0.32708981988302277
0.21052631578947392 -0.28517909036798417 0.3612968733587759
0.21052631578947392 -0.1975308641975311 0.38271604938271614
0.21052631578947392 -0.11075493172291825 0.3918660558017256
0.21052631578947392 -0.025769405833129116 0.3893070970904381
0.21052631578947392 0.05655947136754297 0.37564087435123694
0.21052631578947392 0.1354173285594921 0.35151058531425694
0.21052631578947392 0.21004166520780093 0.3176009243373831
0.21052631578947392 0.27972185156223994 0.27463808240625104
0.21052631578947392 0.34379912865726847 0.22338974713424728
0.21052631578947392 0.4016666083120338 0.16466510276250837
0.21052631578947392 0.45276927313037163 0.09931483015992196
0.21052631578947392 0.4966039765008055 0.028231106823126212
0.21052631578947392 0.5327194425965478 -0.04765239312349018
0.21052631578947392 0.5607162663754987 -0.1273604989277878
0.21052631578947392 0.5802469135802468 -0.2098765432098764
0.21052631578947392 0.5910157207380694 -0.294142361962116
0.21052631578947392 0.5927788951609313 -0.3790582945491154
0.21052631578947392 0.585344514945486 -0.46348318370773245
0.21052631578947392 0.5685725289730752 -0.5462343755470748
0.21052631578947392 0.5423747569097289 -0.6260877195484992
0.21052631578947392 0.5067148892061653 -0.7017775685656129
0.21052631578947392 0.4616084870977907 -0.7719967788242708
0.21052631578947392 0.40712298260470003 -0.8353967099225785
0.21052631578947392 0.34337767853167633 -0.8905872248308905
0.21052631578947392 0.27054374846819074 -0.9361366898918105
0.21052631578947392 0.18884423678840323 -0.9705719748201921
0.21052631578947392 0.09855405865116082 -0.992378452703138
0.21052631578947392 0.0 -1.0

0.0 -1.0 -1.0
0.0 -0.9923780204465988 -0.8027596121967233
0.0 -0.9705650587155669 -0.6212741107294284
0.0 -0.9361016771121461 -0.4554812506564897
0.0 -0.8904765671568888 -0.30527729040853
0.0 -0.8351265495856605 -0.1705169917884226
0.0 -0.7714365743496375 -0.0510136199712895
0.0 -0.7007397206153084 0.0534610564954974
0.0 -0.6243171967644735 0.14317676569231713
0.0 -0.5433983403942437 0.21844473232729955
0.0 -0.45916061831704386 0.27961767773632434
0.0 -0.37272962656060826 0.32708981988302277
0.0 -0.28517909036798417 0.3612968733587759
0.0 -0.1975308641975311 0.38271604938271614
0.0 -0.11075493172291825 0.3918660558017256
0.0 -0.025769405833129116 0.3893070970904381
0.0 0.05655947136754297 0.37564087435123694
0.0 0.1354173285594921 0.35151058531425694
0.0 0.21004166520780093 0.3176009243373831
0.0 0.27972185156223994 0.27463808240625104
0.0 0.34379912865726847 0.22338974713424728
0.0 0.4016666083120338 0.16466510276250837
0.0 0.45276927313037163 0.09931483015992196
0.0 0.4966039765008055 0.028231106823126212
0.0 0.5327194425965478 -0.04765239312349018
0.0 0.5607162663754987 -0.1273604989277878
0.0 0.5802469135802468 -0.2098765432098764
0.0 0.5910157207380694 -0.294142361962116
0.0 0.5927788951609313 -0.3790582945491154
0.0 0.585344514945486 -0.46348318370773245
0.0 0.5685725289730752 -0.5462343755470748
0.0 0.5423747569097289 -0.6260877195484992
0.0 0.5067148892061653 -0.7017775685656128
0.0 0.4616084870977907 -0.7719967788242708
0.0 0.40712298260470003 -0.8353967099225785
0.0 0.34337767853167633 -0.8905872248308905
0.0 0.27054374846819074 -0.9361366898918105
0.0 0.18884423678840323 -0.9705719748201921
0.0 0.09855405865116082 -0.992378452703138
0.0 0.0 -1.0


